#
# A fatal error has been detected by the Java Runtime Environment:
#
#  EXCEPTION_IN_PAGE_ERROR (0xc0000006) at pc=0x00007ffea4ca8780, pid=5196, tid=7124
#
# JRE version: OpenJDK Runtime Environment Temurin-17.0.1+12 (17.0.1+12) (build 17.0.1+12)
# Java VM: OpenJDK 64-Bit Server VM Temurin-17.0.1+12 (17.0.1+12, mixed mode, tiered, compressed oops, compressed class ptrs, g1 gc, windows-amd64)
# Problematic frame:
# V  [jvm.dll+0x128780]
#
# No core dump will be written. Minidumps are not enabled by default on client versions of Windows
#
# If you would like to submit a bug report, please visit:
#   https://github.com/adoptium/adoptium-support/issues
#

---------------  S U M M A R Y ------------

Command Line: -Dfile.encoding=UTF-8 -XX:+ShowCodeDetailsInExceptionMessages ifrn.pi.sispedidossmec.SispedidossmecApplication

Host: Intel(R) Core(TM) i5-8250U CPU @ 1.60GHz, 8 cores, 7G,  Windows 10 , 64 bit Build 19041 (10.0.19041.1348)
Time: Wed Dec 29 12:07:47 2021 Hora Padrão de Buenos Aires elapsed time: 134.868510 seconds (0d 0h 2m 14s)

---------------  T H R E A D  ---------------

Current thread (0x000002ce7a1353b0):  JavaThread "http-nio-8080-exec-4" daemon [_thread_in_vm, id=7124, stack(0x000000decb200000,0x000000decb300000)]

Stack: [0x000000decb200000,0x000000decb300000],  sp=0x000000decb2fd2d8,  free space=1012k
Native frames: (J=compiled Java code, j=interpreted, Vv=VM code, C=native code)
V  [jvm.dll+0x128780]
V  [jvm.dll+0x418a42]
C  0x000002ce620fd601

Java frames: (J=compiled Java code, j=interpreted, Vv=VM code)
j  java.lang.NullPointerException.getExtendedNPEMessage()Ljava/lang/String;+0 java.base@17.0.1
j  java.lang.NullPointerException.getMessage()Ljava/lang/String;+23 java.base@17.0.1
j  org.springframework.security.authentication.dao.DaoAuthenticationProvider.retrieveUser(Ljava/lang/String;Lorg/springframework/security/authentication/UsernamePasswordAuthenticationToken;)Lorg/springframework/security/core/userdetails/UserDetails;+48
j  org.springframework.security.authentication.dao.AbstractUserDetailsAuthenticationProvider.authenticate(Lorg/springframework/security/core/Authentication;)Lorg/springframework/security/core/Authentication;+45
j  org.springframework.security.authentication.ProviderManager.authenticate(Lorg/springframework/security/core/Authentication;)Lorg/springframework/security/core/Authentication;+125
j  org.springframework.security.authentication.ProviderManager.authenticate(Lorg/springframework/security/core/Authentication;)Lorg/springframework/security/core/Authentication;+187
j  org.springframework.security.web.authentication.UsernamePasswordAuthenticationFilter.attemptAuthentication(Ljavax/servlet/http/HttpServletRequest;Ljavax/servlet/http/HttpServletResponse;)Lorg/springframework/security/core/Authentication;+121
j  org.springframework.security.web.authentication.AbstractAuthenticationProcessingFilter.doFilter(Ljavax/servlet/http/HttpServletRequest;Ljavax/servlet/http/HttpServletResponse;Ljavax/servlet/FilterChain;)V+21
j  org.springframework.security.web.authentication.AbstractAuthenticationProcessingFilter.doFilter(Ljavax/servlet/ServletRequest;Ljavax/servlet/ServletResponse;Ljavax/servlet/FilterChain;)V+10
j  org.springframework.security.web.FilterChainProxy$VirtualFilterChain.doFilter(Ljavax/servlet/ServletRequest;Ljavax/servlet/ServletResponse;)V+136
j  org.springframework.security.web.authentication.logout.LogoutFilter.doFilter(Ljavax/servlet/http/HttpServletRequest;Ljavax/servlet/http/HttpServletResponse;Ljavax/servlet/FilterChain;)V+77
j  org.springframework.security.web.authentication.logout.LogoutFilter.doFilter(Ljavax/servlet/ServletRequest;Ljavax/servlet/ServletResponse;Ljavax/servlet/FilterChain;)V+10
j  org.springframework.security.web.FilterChainProxy$VirtualFilterChain.doFilter(Ljavax/servlet/ServletRequest;Ljavax/servlet/ServletResponse;)V+136
j  org.springframework.security.web.header.HeaderWriterFilter.doHeadersAfter(Ljavax/servlet/http/HttpServletRequest;Ljavax/servlet/http/HttpServletResponse;Ljavax/servlet/FilterChain;)V+29
j  org.springframework.security.web.header.HeaderWriterFilter.doFilterInternal(Ljavax/servlet/http/HttpServletRequest;Ljavax/servlet/http/HttpServletResponse;Ljavax/servlet/FilterChain;)V+21
j  org.springframework.web.filter.OncePerRequestFilter.doFilter(Ljavax/servlet/ServletRequest;Ljavax/servlet/ServletResponse;Ljavax/servlet/FilterChain;)V+147
j  org.springframework.security.web.FilterChainProxy$VirtualFilterChain.doFilter(Ljavax/servlet/ServletRequest;Ljavax/servlet/ServletResponse;)V+136
j  org.springframework.security.web.context.SecurityContextPersistenceFilter.doFilter(Ljavax/servlet/http/HttpServletRequest;Ljavax/servlet/http/HttpServletResponse;Ljavax/servlet/FilterChain;)V+181
j  org.springframework.security.web.context.SecurityContextPersistenceFilter.doFilter(Ljavax/servlet/ServletRequest;Ljavax/servlet/ServletResponse;Ljavax/servlet/FilterChain;)V+10
j  org.springframework.security.web.FilterChainProxy$VirtualFilterChain.doFilter(Ljavax/servlet/ServletRequest;Ljavax/servlet/ServletResponse;)V+136
j  org.springframework.security.web.context.request.async.WebAsyncManagerIntegrationFilter.doFilterInternal(Ljavax/servlet/http/HttpServletRequest;Ljavax/servlet/http/HttpServletResponse;Ljavax/servlet/FilterChain;)V+42
j  org.springframework.web.filter.OncePerRequestFilter.doFilter(Ljavax/servlet/ServletRequest;Ljavax/servlet/ServletResponse;Ljavax/servlet/FilterChain;)V+147
j  org.springframework.security.web.FilterChainProxy$VirtualFilterChain.doFilter(Ljavax/servlet/ServletRequest;Ljavax/servlet/ServletResponse;)V+136
j  org.springframework.security.web.FilterChainProxy.doFilterInternal(Ljavax/servlet/ServletRequest;Ljavax/servlet/ServletResponse;Ljavax/servlet/FilterChain;)V+148
j  org.springframework.security.web.FilterChainProxy.doFilter(Ljavax/servlet/ServletRequest;Ljavax/servlet/ServletResponse;Ljavax/servlet/FilterChain;)V+48
j  org.springframework.web.filter.DelegatingFilterProxy.invokeDelegate(Ljavax/servlet/Filter;Ljavax/servlet/ServletRequest;Ljavax/servlet/ServletResponse;Ljavax/servlet/FilterChain;)V+5
j  org.springframework.web.filter.DelegatingFilterProxy.doFilter(Ljavax/servlet/ServletRequest;Ljavax/servlet/ServletResponse;Ljavax/servlet/FilterChain;)V+85
j  org.apache.catalina.core.ApplicationFilterChain.internalDoFilter(Ljavax/servlet/ServletRequest;Ljavax/servlet/ServletResponse;)V+135
j  org.apache.catalina.core.ApplicationFilterChain.doFilter(Ljavax/servlet/ServletRequest;Ljavax/servlet/ServletResponse;)V+99
j  org.springframework.web.filter.RequestContextFilter.doFilterInternal(Ljavax/servlet/http/HttpServletRequest;Ljavax/servlet/http/HttpServletResponse;Ljavax/servlet/FilterChain;)V+21
j  org.springframework.web.filter.OncePerRequestFilter.doFilter(Ljavax/servlet/ServletRequest;Ljavax/servlet/ServletResponse;Ljavax/servlet/FilterChain;)V+147
j  org.apache.catalina.core.ApplicationFilterChain.internalDoFilter(Ljavax/servlet/ServletRequest;Ljavax/servlet/ServletResponse;)V+135
j  org.apache.catalina.core.ApplicationFilterChain.doFilter(Ljavax/servlet/ServletRequest;Ljavax/servlet/ServletResponse;)V+99
j  org.springframework.web.filter.FormContentFilter.doFilterInternal(Ljavax/servlet/http/HttpServletRequest;Ljavax/servlet/http/HttpServletResponse;Ljavax/servlet/FilterChain;)V+38
j  org.springframework.web.filter.OncePerRequestFilter.doFilter(Ljavax/servlet/ServletRequest;Ljavax/servlet/ServletResponse;Ljavax/servlet/FilterChain;)V+147
j  org.apache.catalina.core.ApplicationFilterChain.internalDoFilter(Ljavax/servlet/ServletRequest;Ljavax/servlet/ServletResponse;)V+135
j  org.apache.catalina.core.ApplicationFilterChain.doFilter(Ljavax/servlet/ServletRequest;Ljavax/servlet/ServletResponse;)V+99
j  org.springframework.web.filter.CharacterEncodingFilter.doFilterInternal(Ljavax/servlet/http/HttpServletRequest;Ljavax/servlet/http/HttpServletResponse;Ljavax/servlet/FilterChain;)V+53
j  org.springframework.web.filter.OncePerRequestFilter.doFilter(Ljavax/servlet/ServletRequest;Ljavax/servlet/ServletResponse;Ljavax/servlet/FilterChain;)V+147
j  org.apache.catalina.core.ApplicationFilterChain.internalDoFilter(Ljavax/servlet/ServletRequest;Ljavax/servlet/ServletResponse;)V+135
j  org.apache.catalina.core.ApplicationFilterChain.doFilter(Ljavax/servlet/ServletRequest;Ljavax/servlet/ServletResponse;)V+99
j  org.apache.catalina.core.StandardWrapperValve.invoke(Lorg/apache/catalina/connector/Request;Lorg/apache/catalina/connector/Response;)V+694
j  org.apache.catalina.core.StandardContextValve.invoke(Lorg/apache/catalina/connector/Request;Lorg/apache/catalina/connector/Response;)V+169
j  org.apache.catalina.authenticator.AuthenticatorBase.invoke(Lorg/apache/catalina/connector/Request;Lorg/apache/catalina/connector/Response;)V+260
j  org.apache.catalina.core.StandardHostValve.invoke(Lorg/apache/catalina/connector/Request;Lorg/apache/catalina/connector/Response;)V+128
j  org.apache.catalina.valves.ErrorReportValve.invoke(Lorg/apache/catalina/connector/Request;Lorg/apache/catalina/connector/Response;)V+6
j  org.apache.catalina.core.StandardEngineValve.invoke(Lorg/apache/catalina/connector/Request;Lorg/apache/catalina/connector/Response;)V+59
j  org.apache.catalina.connector.CoyoteAdapter.service(Lorg/apache/coyote/Request;Lorg/apache/coyote/Response;)V+199
j  org.apache.coyote.http11.Http11Processor.service(Lorg/apache/tomcat/util/net/SocketWrapperBase;)Lorg/apache/tomcat/util/net/AbstractEndpoint$Handler$SocketState;+737
j  org.apache.coyote.AbstractProcessorLight.process(Lorg/apache/tomcat/util/net/SocketWrapperBase;Lorg/apache/tomcat/util/net/SocketEvent;)Lorg/apache/tomcat/util/net/AbstractEndpoint$Handler$SocketState;+170
j  org.apache.coyote.AbstractProtocol$ConnectionHandler.process(Lorg/apache/tomcat/util/net/SocketWrapperBase;Lorg/apache/tomcat/util/net/SocketEvent;)Lorg/apache/tomcat/util/net/AbstractEndpoint$Handler$SocketState;+505
j  org.apache.tomcat.util.net.NioEndpoint$SocketProcessor.doRun()V+216
j  org.apache.tomcat.util.net.SocketProcessorBase.run()V+21
j  org.apache.tomcat.util.threads.ThreadPoolExecutor.runWorker(Lorg/apache/tomcat/util/threads/ThreadPoolExecutor$Worker;)V+92
j  org.apache.tomcat.util.threads.ThreadPoolExecutor$Worker.run()V+5
j  org.apache.tomcat.util.threads.TaskThread$WrappingRunnable.run()V+4
j  java.lang.Thread.run()V+11 java.base@17.0.1
v  ~StubRoutines::call_stub

siginfo: EXCEPTION_IN_PAGE_ERROR (0xc0000006), data execution prevention violation at address 0x00007ffea4ca8780


Register to memory mapping:

RIP=0x00007ffea4ca8780 jvm.dll
RAX=0x000000decb2fd310 is pointing into the stack for thread: 0x000002ce7a1353b0
RBX=0x000002ce7a1353b0 is a thread
RCX=0x000000decb2fd310 is pointing into the stack for thread: 0x000002ce7a1353b0
RDX={method} {0x000002ce7cd995f0} 'loadUserByUsername' '(Ljava/lang/String;)Lorg/springframework/security/core/userdetails/UserDetails;' in 'ifrn/pi/sispedidossmec/security/ImplementsUserDetailsService'
RSP=0x000000decb2fd2d8 is pointing into the stack for thread: 0x000002ce7a1353b0
RBP=0x000000decb2fd438 is pointing into the stack for thread: 0x000002ce7a1353b0
RSI=0x000000decb2fd458 is pointing into the stack for thread: 0x000002ce7a1353b0
RDI=0x0 is NULL
R8 =0x0000000000000005 is an unknown value
R9 ={method} {0x000002ce7cd995f0} 'loadUserByUsername' '(Ljava/lang/String;)Lorg/springframework/security/core/userdetails/UserDetails;' in 'ifrn/pi/sispedidossmec/security/ImplementsUserDetailsService'
R10=0x0000000000000001 is an unknown value
R11=0x0000000000000001 is an unknown value
R12=0x0 is NULL
R13={method} {0x000002ce7952f438} 'getExtendedNPEMessage' '()Ljava/lang/String;' in 'java/lang/NullPointerException'
R14=0x000000decb2fd458 is pointing into the stack for thread: 0x000002ce7a1353b0
R15=0x000002ce7a1353b0 is a thread


Registers:
RAX=0x000000decb2fd310, RBX=0x000002ce7a1353b0, RCX=0x000000decb2fd310, RDX=0x000002ce7cd995e8
RSP=0x000000decb2fd2d8, RBP=0x000000decb2fd438, RSI=0x000000decb2fd458, RDI=0x0000000000000000
R8 =0x0000000000000005, R9 =0x000002ce7cd995e8, R10=0x0000000000000001, R11=0x0000000000000001
R12=0x0000000000000000, R13=0x000002ce7952f430, R14=0x000000decb2fd458, R15=0x000002ce7a1353b0
RIP=0x00007ffea4ca8780, EFLAGS=0x0000000000010202

Top of Stack: (sp=0x000000decb2fd2d8)
0x000000decb2fd2d8:   00007ffea4f98a42 000002ce7a1353b0
0x000000decb2fd2e8:   000000decb2fd458 000000decb2fd300
0x000000decb2fd2f8:   00007ffea51aab29 0000ad4500000005
0x000000decb2fd308:   000002ce7cd995e8 00007ffea5527670
0x000000decb2fd318:   0000005000000000 0000000000000000
0x000000decb2fd328:   0000000000000000 0000000000000000
0x000000decb2fd338:   0000000000000000 0000000000000000
0x000000decb2fd348:   000000decb2fd361 0000000000000000
0x000000decb2fd358:   0000000000000030 000002ce7a130000
0x000000decb2fd368:   000002ce7a1353b0 000002ce7952f430
0x000000decb2fd378:   000002ce7a1353b0 000000000000028e
0x000000decb2fd388:   000002ce620fd46e 000002ce7952f430
0x000000decb2fd398:   000002ce7952f430 0000ad45f8bb5721
0x000000decb2fd3a8:   000000decb2fd3f0 000000000000028e
0x000000decb2fd3b8:   000002ce620fd601 000002ce7952f430
0x000000decb2fd3c8:   000002ce7952f430 000002ce7cf19d38 

Instructions: (pc=0x00007ffea4ca8780)
0x00007ffea4ca8680:   b4 83 12 00 d2 83 12 00 43 84 12 00 a5 84 12 00
0x00007ffea4ca8690:   39 85 12 00 56 7f 12 00 52 85 12 00 95 85 12 00
0x00007ffea4ca86a0:   84 81 12 00 b9 85 12 00 00 00 00 00 00 00 00 00
0x00007ffea4ca86b0:   00 00 00 00 00 00 00 00 00 00 01 01 01 00 00 00
0x00007ffea4ca86c0:   00 00 00 00 00 00 00 00 00 00 00 00 00 00 00 00
0x00007ffea4ca86d0:   00 00 00 00 00 00 02 02 02 02 02 02 02 02 03 03
0x00007ffea4ca86e0:   03 03 03 04 05 06 07 04 05 06 07 04 05 06 07 04
0x00007ffea4ca86f0:   05 06 07 04 05 06 07 08 08 08 08 08 08 08 08 08
0x00007ffea4ca8700:   08 09 0a 0b 0c 0d 0e 0f 10 10 10 10 10 10 10 10
0x00007ffea4ca8710:   10 10 10 10 10 10 10 10 10 10 10 10 11 11 11 11
0x00007ffea4ca8720:   12 12 12 12 12 12 10 10 10 10 10 10 00 13 13 13
0x00007ffea4ca8730:   02 02 02 13 13 13 02 02 02 13 13 13 14 14 14 14
0x00007ffea4ca8740:   14 15 15 15 15 15 15 15 15 15 15 15 15 15 15 16
0x00007ffea4ca8750:   17 18 19 1a 1b 1b 1b 1b 1b 1b 1c 1d 1c 1d 1e 1e
0x00007ffea4ca8760:   1e 1e 1e 00 13 13 1f 1b 20 13 08 08 24 21 15 15
0x00007ffea4ca8770:   22 23 08 cc cc cc cc cc cc cc cc cc cc cc cc cc
0x00007ffea4ca8780:   40 55 56 57 48 83 ec 70 48 8b 42 08 41 8b e8 48
0x00007ffea4ca8790:   8b f2 48 8b f9 4c 8b 48 08 48 8b 05 c0 77 a7 00
0x00007ffea4ca87a0:   49 39 41 18 75 0a 32 c0 48 83 c4 70 5f 5e 5d c3
0x00007ffea4ca87b0:   65 48 8b 04 25 58 00 00 00 8b 0d 79 f9 a7 00 48
0x00007ffea4ca87c0:   89 9c 24 90 00 00 00 4c 89 a4 24 a0 00 00 00 4c
0x00007ffea4ca87d0:   89 ac 24 a8 00 00 00 48 8b 1c c8 b8 48 00 00 00
0x00007ffea4ca87e0:   4c 89 74 24 68 4c 89 7c 24 60 80 3c 18 00 75 05
0x00007ffea4ca87f0:   e8 e7 0e 76 00 b8 18 00 00 00 48 8d 4c 24 40 44
0x00007ffea4ca8800:   8b c5 48 8b d6 48 8b 04 18 4c 8b b0 30 02 00 00
0x00007ffea4ca8810:   49 8b 46 28 4d 8b 7e 10 4d 8b 66 18 4d 8b 6e 20
0x00007ffea4ca8820:   48 89 84 24 98 00 00 00 e8 23 ec ff ff 8b d5 48
0x00007ffea4ca8830:   8d 4c 24 40 e8 17 01 00 00 8b d8 8d 48 02 83 f9
0x00007ffea4ca8840:   01 76 54 44 8b c5 48 8d 4c 24 40 48 8b d7 e8 dd
0x00007ffea4ca8850:   0a 00 00 48 8d 05 fe eb 7e 00 44 8b cb 48 89 44
0x00007ffea4ca8860:   24 30 48 8d 4c 24 40 c6 44 24 28 00 44 8b c5 48
0x00007ffea4ca8870:   8b d7 c7 44 24 20 05 00 00 00 e8 91 04 00 00 84 


Stack slot to memory mapping:
stack at sp + 0 slots: 0x00007ffea4f98a42 jvm.dll
stack at sp + 1 slots: 0x000002ce7a1353b0 is a thread
stack at sp + 2 slots: 0x000000decb2fd458 is pointing into the stack for thread: 0x000002ce7a1353b0
stack at sp + 3 slots: 0x000000decb2fd300 is pointing into the stack for thread: 0x000002ce7a1353b0
stack at sp + 4 slots: 0x00007ffea51aab29 jvm.dll
stack at sp + 5 slots: 0x0000ad4500000005 is an unknown value
stack at sp + 6 slots: {method} {0x000002ce7cd995f0} 'loadUserByUsername' '(Ljava/lang/String;)Lorg/springframework/security/core/userdetails/UserDetails;' in 'ifrn/pi/sispedidossmec/security/ImplementsUserDetailsService'
stack at sp + 7 slots: 0x00007ffea5527670 jvm.dll


---------------  P R O C E S S  ---------------

Threads class SMR info:
_java_thread_list=0x000002ce7b456090, length=25, elements={
0x000002ce79161c30, 0x000002ce791632a0, 0x000002ce79182020, 0x000002ce791838f0,
0x000002ce791ba000, 0x000002ce791bd0a0, 0x000002ce791bc340, 0x000002ce79c02960,
0x000002ce79c06a20, 0x000002ce79d87810, 0x000002ce79db0d80, 0x000002ce7bd83f70,
0x000002ce7bd84910, 0x000002ce7a136220, 0x000002ce7a137090, 0x000002ce7a134ee0,
0x000002ce7a1306b0, 0x000002ce7a134a10, 0x000002ce7a132390, 0x000002ce7a132860,
0x000002ce7a132d30, 0x000002ce7a135d50, 0x000002ce7a135880, 0x000002ce7a1366f0,
0x000002ce7a1353b0
}

Java Threads: ( => current thread )
  0x000002ce79161c30 JavaThread "Reference Handler" daemon [_thread_blocked, id=9704, stack(0x000000decba00000,0x000000decbb00000)]
  0x000002ce791632a0 JavaThread "Finalizer" daemon [_thread_blocked, id=11636, stack(0x000000decbb00000,0x000000decbc00000)]
  0x000002ce79182020 JavaThread "Signal Dispatcher" daemon [_thread_blocked, id=3192, stack(0x000000decbc00000,0x000000decbd00000)]
  0x000002ce791838f0 JavaThread "Attach Listener" daemon [_thread_blocked, id=11236, stack(0x000000decbd00000,0x000000decbe00000)]
  0x000002ce791ba000 JavaThread "Service Thread" daemon [_thread_blocked, id=7544, stack(0x000000decbe00000,0x000000decbf00000)]
  0x000002ce791bd0a0 JavaThread "Monitor Deflation Thread" daemon [_thread_blocked, id=2272, stack(0x000000decbf00000,0x000000decc000000)]
  0x000002ce791bc340 JavaThread "C2 CompilerThread0" daemon [_thread_blocked, id=11536, stack(0x000000decc000000,0x000000decc100000)]
  0x000002ce79c02960 JavaThread "C1 CompilerThread0" daemon [_thread_blocked, id=5180, stack(0x000000decc100000,0x000000decc200000)]
  0x000002ce79c06a20 JavaThread "Sweeper thread" daemon [_thread_blocked, id=8296, stack(0x000000decc200000,0x000000decc300000)]
  0x000002ce79d87810 JavaThread "Notification Thread" daemon [_thread_blocked, id=11300, stack(0x000000decc300000,0x000000decc400000)]
  0x000002ce79db0d80 JavaThread "Common-Cleaner" daemon [_thread_blocked, id=8, stack(0x000000decc500000,0x000000decc600000)]
  0x000002ce7bd83f70 JavaThread "Catalina-utility-1" [_thread_blocked, id=9972, stack(0x000000decd200000,0x000000decd300000)]
  0x000002ce7bd84910 JavaThread "Catalina-utility-2" [_thread_blocked, id=3812, stack(0x000000decd300000,0x000000decd400000)]
  0x000002ce7a136220 JavaThread "container-0" [_thread_blocked, id=8456, stack(0x000000decd400000,0x000000decd500000)]
  0x000002ce7a137090 JavaThread "mysql-cj-abandoned-connection-cleanup" daemon [_thread_blocked, id=11388, stack(0x000000decd500000,0x000000decd600000)]
  0x000002ce7a134ee0 JavaThread "HikariPool-1 housekeeper" daemon [_thread_blocked, id=6792, stack(0x000000decd700000,0x000000decd800000)]
  0x000002ce7a1306b0 JavaThread "File Watcher" daemon [_thread_blocked, id=900, stack(0x000000decd900000,0x000000decda00000)]
  0x000002ce7a134a10 JavaThread "Live Reload Server" daemon [_thread_in_native, id=11888, stack(0x000000decdb00000,0x000000decdc00000)]
  0x000002ce7a132390 JavaThread "http-nio-8080-Poller" daemon [_thread_blocked, id=4284, stack(0x000000decda00000,0x000000decdb00000)]
  0x000002ce7a132860 JavaThread "http-nio-8080-Acceptor" daemon [_thread_in_native, id=9508, stack(0x000000decdc00000,0x000000decdd00000)]
  0x000002ce7a132d30 JavaThread "DestroyJavaVM" [_thread_blocked, id=6452, stack(0x000000decb300000,0x000000decb400000)]
  0x000002ce7a135d50 JavaThread "http-nio-8080-exec-1" daemon [_thread_blocked, id=11500, stack(0x000000decb000000,0x000000decb100000)]
  0x000002ce7a135880 JavaThread "http-nio-8080-exec-2" daemon [_thread_blocked, id=8852, stack(0x000000decb100000,0x000000decb200000)]
  0x000002ce7a1366f0 JavaThread "http-nio-8080-exec-3" daemon [_thread_blocked, id=3184, stack(0x000000decce00000,0x000000deccf00000)]
=>0x000002ce7a1353b0 JavaThread "http-nio-8080-exec-4" daemon [_thread_in_vm, id=7124, stack(0x000000decb200000,0x000000decb300000)]

Other Threads:
  0x000002ce7915b1d0 VMThread "VM Thread" [stack: 0x000000decb900000,0x000000decba00000] [id=11976] _threads_hazard_ptr=0x000002ce7b456090
  0x000002ce79d89cf0 WatcherThread [stack: 0x000000decc400000,0x000000decc500000] [id=3408]
  0x000002ce5d299d80 GCTaskThread "GC Thread#0" [stack: 0x000000decb400000,0x000000decb500000] [id=5040]
  0x000002ce7a4ab850 GCTaskThread "GC Thread#1" [stack: 0x000000decc700000,0x000000decc800000] [id=11384]
  0x000002ce7a4abb00 GCTaskThread "GC Thread#2" [stack: 0x000000decc800000,0x000000decc900000] [id=3420]
  0x000002ce7b50c1f0 GCTaskThread "GC Thread#3" [stack: 0x000000decc900000,0x000000decca00000] [id=4336]
  0x000002ce7b45aca0 GCTaskThread "GC Thread#4" [stack: 0x000000decca00000,0x000000deccb00000] [id=5680]
  0x000002ce7b56ee00 GCTaskThread "GC Thread#5" [stack: 0x000000deccb00000,0x000000deccc00000] [id=10444]
  0x000002ce7b849fa0 GCTaskThread "GC Thread#6" [stack: 0x000000deccf00000,0x000000decd000000] [id=8240]
  0x000002ce7b86e910 GCTaskThread "GC Thread#7" [stack: 0x000000decd000000,0x000000decd100000] [id=8392]
  0x000002ce5d2aa900 ConcurrentGCThread "G1 Main Marker" [stack: 0x000000decb500000,0x000000decb600000] [id=7760]
  0x000002ce5d2acdd0 ConcurrentGCThread "G1 Conc#0" [stack: 0x000000decb600000,0x000000decb700000] [id=11768]
  0x000002ce7b8010f0 ConcurrentGCThread "G1 Conc#1" [stack: 0x000000decd100000,0x000000decd200000] [id=1756]
  0x000002ce78fd0090 ConcurrentGCThread "G1 Refine#0" [stack: 0x000000decb700000,0x000000decb800000] [id=11792]
  0x000002ce78fd09b0 ConcurrentGCThread "G1 Service" [stack: 0x000000decb800000,0x000000decb900000] [id=10900]

Threads with active compile tasks:

VM state: synchronizing (normal execution)

VM Mutex/Monitor currently owned by a thread:  ([mutex/lock_event])
[0x000002ce5d256460] Threads_lock - owner thread: 0x000002ce7915b1d0

Heap address: 0x0000000081600000, size: 2026 MB, Compressed Oops mode: 32-bit

CDS archive(s) not mapped
Compressed class space mapped at: 0x0000000100000000-0x0000000140000000, reserved size: 1073741824
Narrow klass base: 0x0000000000000000, Narrow klass shift: 3, Narrow klass range: 0x140000000

GC Precious Log:
 CPUs: 8 total, 8 available
 Memory: 8101M
 Large Page Support: Disabled
 NUMA Support: Disabled
 Compressed Oops: Enabled (32-bit)
 Heap Region Size: 1M
 Heap Min Capacity: 8M
 Heap Initial Capacity: 128M
 Heap Max Capacity: 2026M
 Pre-touch: Disabled
 Parallel Workers: 8
 Concurrent Workers: 2
 Concurrent Refinement Workers: 8
 Periodic GC: Disabled

Heap:
 garbage-first heap   total 73728K, used 31184K [0x0000000081600000, 0x0000000100000000)
  region size 1024K, 10 young (10240K), 5 survivors (5120K)
 Metaspace       used 64307K, committed 64704K, reserved 1105920K
  class space    used 8296K, committed 8512K, reserved 1048576K

Heap Regions: E=young(eden), S=young(survivor), O=old, HS=humongous(starts), HC=humongous(continues), CS=collection set, F=free, OA=open archive, CA=closed archive, TAMS=top-at-mark-start (previous, next)
|   0|0x0000000081600000, 0x0000000081700000, 0x0000000081700000|100%|HS|  |TAMS 0x0000000081700000, 0x0000000081600000| Complete 
|   1|0x0000000081700000, 0x0000000081800000, 0x0000000081800000|100%| O|  |TAMS 0x0000000081800000, 0x0000000081700000| Untracked 
|   2|0x0000000081800000, 0x0000000081900000, 0x0000000081900000|100%| O|  |TAMS 0x0000000081900000, 0x0000000081800000| Untracked 
|   3|0x0000000081900000, 0x0000000081a00000, 0x0000000081a00000|100%| O|  |TAMS 0x0000000081a00000, 0x0000000081900000| Untracked 
|   4|0x0000000081a00000, 0x0000000081b00000, 0x0000000081b00000|100%| O|  |TAMS 0x0000000081b00000, 0x0000000081a00000| Untracked 
|   5|0x0000000081b00000, 0x0000000081c00000, 0x0000000081c00000|100%| O|  |TAMS 0x0000000081c00000, 0x0000000081b00000| Untracked 
|   6|0x0000000081c00000, 0x0000000081d00000, 0x0000000081d00000|100%| O|  |TAMS 0x0000000081d00000, 0x0000000081c00000| Untracked 
|   7|0x0000000081d00000, 0x0000000081e00000, 0x0000000081e00000|100%| O|  |TAMS 0x0000000081e00000, 0x0000000081d00000| Untracked 
|   8|0x0000000081e00000, 0x0000000081f00000, 0x0000000081f00000|100%| O|  |TAMS 0x0000000081f00000, 0x0000000081e00000| Untracked 
|   9|0x0000000081f00000, 0x0000000082000000, 0x0000000082000000|100%| O|  |TAMS 0x0000000082000000, 0x0000000081f00000| Untracked 
|  10|0x0000000082000000, 0x0000000082100000, 0x0000000082100000|100%| O|  |TAMS 0x0000000082100000, 0x0000000082000000| Untracked 
|  11|0x0000000082100000, 0x0000000082135c00, 0x0000000082200000| 20%| O|  |TAMS 0x0000000082135c00, 0x0000000082100000| Untracked 
|  12|0x0000000082200000, 0x0000000082300000, 0x0000000082300000|100%| O|  |TAMS 0x0000000082300000, 0x0000000082200000| Untracked 
|  13|0x0000000082300000, 0x0000000082400000, 0x0000000082400000|100%| O|  |TAMS 0x0000000082400000, 0x0000000082300000| Untracked 
|  14|0x0000000082400000, 0x0000000082500000, 0x0000000082500000|100%| O|  |TAMS 0x0000000082500000, 0x0000000082400000| Untracked 
|  15|0x0000000082500000, 0x0000000082600000, 0x0000000082600000|100%| O|  |TAMS 0x0000000082600000, 0x0000000082500000| Untracked 
|  16|0x0000000082600000, 0x0000000082700000, 0x0000000082700000|100%| O|  |TAMS 0x0000000082700000, 0x0000000082600000| Untracked 
|  17|0x0000000082700000, 0x0000000082800000, 0x0000000082800000|100%| O|  |TAMS 0x0000000082800000, 0x0000000082700000| Untracked 
|  18|0x0000000082800000, 0x0000000082900000, 0x0000000082900000|100%| O|  |TAMS 0x0000000082900000, 0x0000000082800000| Untracked 
|  19|0x0000000082900000, 0x0000000082a00000, 0x0000000082a00000|100%| O|  |TAMS 0x0000000082a00000, 0x0000000082900000| Untracked 
|  20|0x0000000082a00000, 0x0000000082b00000, 0x0000000082b00000|100%| O|  |TAMS 0x0000000082af5a00, 0x0000000082a00000| Untracked 
|  21|0x0000000082b00000, 0x0000000082c00000, 0x0000000082c00000|100%| O|  |TAMS 0x0000000082b00000, 0x0000000082b00000| Untracked 
|  22|0x0000000082c00000, 0x0000000082ccea00, 0x0000000082d00000| 80%| O|  |TAMS 0x0000000082c00000, 0x0000000082c00000| Untracked 
|  23|0x0000000082d00000, 0x0000000082d00000, 0x0000000082e00000|  0%| F|  |TAMS 0x0000000082d00000, 0x0000000082d00000| Untracked 
|  24|0x0000000082e00000, 0x0000000082e00000, 0x0000000082f00000|  0%| F|  |TAMS 0x0000000082e00000, 0x0000000082e00000| Untracked 
|  25|0x0000000082f00000, 0x0000000082f00000, 0x0000000083000000|  0%| F|  |TAMS 0x0000000082f00000, 0x0000000082f00000| Untracked 
|  26|0x0000000083000000, 0x0000000083000000, 0x0000000083100000|  0%| F|  |TAMS 0x0000000083000000, 0x0000000083000000| Untracked 
|  27|0x0000000083100000, 0x0000000083100000, 0x0000000083200000|  0%| F|  |TAMS 0x0000000083100000, 0x0000000083100000| Untracked 
|  28|0x0000000083200000, 0x0000000083200000, 0x0000000083300000|  0%| F|  |TAMS 0x0000000083200000, 0x0000000083200000| Untracked 
|  29|0x0000000083300000, 0x0000000083300000, 0x0000000083400000|  0%| F|  |TAMS 0x0000000083300000, 0x0000000083300000| Untracked 
|  30|0x0000000083400000, 0x0000000083400000, 0x0000000083500000|  0%| F|  |TAMS 0x0000000083400000, 0x0000000083400000| Untracked 
|  31|0x0000000083500000, 0x0000000083500000, 0x0000000083600000|  0%| F|  |TAMS 0x0000000083500000, 0x0000000083500000| Untracked 
|  32|0x0000000083600000, 0x0000000083600000, 0x0000000083700000|  0%| F|  |TAMS 0x0000000083600000, 0x0000000083600000| Untracked 
|  33|0x0000000083700000, 0x000000008376fb30, 0x0000000083800000| 43%| S|CS|TAMS 0x0000000083700000, 0x0000000083700000| Complete 
|  34|0x0000000083800000, 0x0000000083900000, 0x0000000083900000|100%| S|CS|TAMS 0x0000000083800000, 0x0000000083800000| Complete 
|  35|0x0000000083900000, 0x0000000083a00000, 0x0000000083a00000|100%| S|CS|TAMS 0x0000000083900000, 0x0000000083900000| Complete 
|  36|0x0000000083a00000, 0x0000000083b00000, 0x0000000083b00000|100%| S|CS|TAMS 0x0000000083a00000, 0x0000000083a00000| Complete 
|  37|0x0000000083b00000, 0x0000000083c00000, 0x0000000083c00000|100%| S|CS|TAMS 0x0000000083b00000, 0x0000000083b00000| Complete 
|  38|0x0000000083c00000, 0x0000000083c00000, 0x0000000083d00000|  0%| F|  |TAMS 0x0000000083c00000, 0x0000000083c00000| Untracked 
|  39|0x0000000083d00000, 0x0000000083d00000, 0x0000000083e00000|  0%| F|  |TAMS 0x0000000083d00000, 0x0000000083d00000| Untracked 
|  40|0x0000000083e00000, 0x0000000083e00000, 0x0000000083f00000|  0%| F|  |TAMS 0x0000000083e00000, 0x0000000083e00000| Untracked 
|  41|0x0000000083f00000, 0x0000000083f00000, 0x0000000084000000|  0%| F|  |TAMS 0x0000000083f00000, 0x0000000083f00000| Untracked 
|  42|0x0000000084000000, 0x0000000084000000, 0x0000000084100000|  0%| F|  |TAMS 0x0000000084000000, 0x0000000084000000| Untracked 
|  43|0x0000000084100000, 0x0000000084100000, 0x0000000084200000|  0%| F|  |TAMS 0x0000000084100000, 0x0000000084100000| Untracked 
|  44|0x0000000084200000, 0x0000000084200000, 0x0000000084300000|  0%| F|  |TAMS 0x0000000084200000, 0x0000000084200000| Untracked 
|  45|0x0000000084300000, 0x0000000084300000, 0x0000000084400000|  0%| F|  |TAMS 0x0000000084300000, 0x0000000084300000| Untracked 
|  46|0x0000000084400000, 0x0000000084400000, 0x0000000084500000|  0%| F|  |TAMS 0x0000000084400000, 0x0000000084400000| Untracked 
|  47|0x0000000084500000, 0x0000000084500000, 0x0000000084600000|  0%| F|  |TAMS 0x0000000084500000, 0x0000000084500000| Untracked 
|  48|0x0000000084600000, 0x0000000084600000, 0x0000000084700000|  0%| F|  |TAMS 0x0000000084600000, 0x0000000084600000| Untracked 
|  49|0x0000000084700000, 0x0000000084700000, 0x0000000084800000|  0%| F|  |TAMS 0x0000000084700000, 0x0000000084700000| Untracked 
|  50|0x0000000084800000, 0x0000000084800000, 0x0000000084900000|  0%| F|  |TAMS 0x0000000084800000, 0x0000000084800000| Untracked 
|  51|0x0000000084900000, 0x0000000084900000, 0x0000000084a00000|  0%| F|  |TAMS 0x0000000084900000, 0x0000000084900000| Untracked 
|  52|0x0000000084a00000, 0x0000000084a00000, 0x0000000084b00000|  0%| F|  |TAMS 0x0000000084a00000, 0x0000000084a00000| Untracked 
|  53|0x0000000084b00000, 0x0000000084b00000, 0x0000000084c00000|  0%| F|  |TAMS 0x0000000084b00000, 0x0000000084b00000| Untracked 
|  54|0x0000000084c00000, 0x0000000084c00000, 0x0000000084d00000|  0%| F|  |TAMS 0x0000000084c00000, 0x0000000084c00000| Untracked 
|  55|0x0000000084d00000, 0x0000000084d00000, 0x0000000084e00000|  0%| F|  |TAMS 0x0000000084d00000, 0x0000000084d00000| Untracked 
|  56|0x0000000084e00000, 0x0000000084e00000, 0x0000000084f00000|  0%| F|  |TAMS 0x0000000084e00000, 0x0000000084e00000| Untracked 
|  57|0x0000000084f00000, 0x0000000084f00000, 0x0000000085000000|  0%| F|  |TAMS 0x0000000084f00000, 0x0000000084f00000| Untracked 
|  58|0x0000000085000000, 0x0000000085000000, 0x0000000085100000|  0%| F|  |TAMS 0x0000000085000000, 0x0000000085000000| Untracked 
|  59|0x0000000085100000, 0x0000000085100000, 0x0000000085200000|  0%| F|  |TAMS 0x0000000085100000, 0x0000000085100000| Untracked 
|  60|0x0000000085200000, 0x0000000085200000, 0x0000000085300000|  0%| F|  |TAMS 0x0000000085200000, 0x0000000085200000| Untracked 
|  61|0x0000000085300000, 0x0000000085300000, 0x0000000085400000|  0%| F|  |TAMS 0x0000000085300000, 0x0000000085300000| Untracked 
|  62|0x0000000085400000, 0x0000000085400000, 0x0000000085500000|  0%| F|  |TAMS 0x0000000085400000, 0x0000000085400000| Untracked 
|  63|0x0000000085500000, 0x0000000085500000, 0x0000000085600000|  0%| F|  |TAMS 0x0000000085500000, 0x0000000085500000| Untracked 
|  64|0x0000000085600000, 0x0000000085600000, 0x0000000085700000|  0%| F|  |TAMS 0x0000000085600000, 0x0000000085600000| Untracked 
|  65|0x0000000085700000, 0x0000000085700000, 0x0000000085800000|  0%| F|  |TAMS 0x0000000085700000, 0x0000000085700000| Untracked 
|  99|0x0000000087900000, 0x0000000087900000, 0x0000000087a00000|  0%| F|  |TAMS 0x0000000087900000, 0x0000000087900000| Untracked 
| 100|0x0000000087a00000, 0x0000000087a4b2c0, 0x0000000087b00000| 29%| E|  |TAMS 0x0000000087a00000, 0x0000000087a00000| Complete 
| 101|0x0000000087b00000, 0x0000000087c00000, 0x0000000087c00000|100%| E|CS|TAMS 0x0000000087b00000, 0x0000000087b00000| Complete 
| 102|0x0000000087c00000, 0x0000000087d00000, 0x0000000087d00000|100%| E|CS|TAMS 0x0000000087c00000, 0x0000000087c00000| Complete 
| 103|0x0000000087d00000, 0x0000000087e00000, 0x0000000087e00000|100%| E|CS|TAMS 0x0000000087d00000, 0x0000000087d00000| Complete 
| 127|0x0000000089500000, 0x0000000089600000, 0x0000000089600000|100%| E|CS|TAMS 0x0000000089500000, 0x0000000089500000| Complete 

Card table byte_map: [0x000002ce71f50000,0x000002ce72350000] _byte_map_base: 0x000002ce71b45000

Marking Bits (Prev, Next): (CMBitMap*) 0x000002ce5d29a2d0, (CMBitMap*) 0x000002ce5d29a290
 Prev Bits: [0x000002ce74700000, 0x000002ce766a8000)
 Next Bits: [0x000002ce72750000, 0x000002ce746f8000)

Polling page: 0x000002ce5d330000

Metaspace:

Usage:
  Non-class:     54.70 MB used.
      Class:      8.10 MB used.
       Both:     62.80 MB used.

Virtual space:
  Non-class space:       56.00 MB reserved,      54.88 MB ( 98%) committed,  7 nodes.
      Class space:        1.00 GB reserved,       8.31 MB ( <1%) committed,  1 nodes.
             Both:        1.05 GB reserved,      63.19 MB (  6%) committed. 

Chunk freelists:
   Non-Class:  928.00 KB
       Class:  3.73 MB
        Both:  4.64 MB

MaxMetaspaceSize: unlimited
CompressedClassSpaceSize: 1.00 GB
Initial GC threshold: 21.00 MB
Current GC threshold: 99.69 MB
CDS: off
MetaspaceReclaimPolicy: balanced
 - commit_granule_bytes: 65536.
 - commit_granule_words: 8192.
 - virtual_space_node_default_size: 1048576.
 - enlarge_chunks_in_place: 1.
 - new_chunks_are_fully_committed: 0.
 - uncommit_free_chunks: 1.
 - use_allocation_guard: 0.
 - handle_deallocations: 1.


Internal statistics:

num_allocs_failed_limit: 11.
num_arena_births: 414.
num_arena_deaths: 0.
num_vsnodes_births: 8.
num_vsnodes_deaths: 0.
num_space_committed: 1011.
num_space_uncommitted: 0.
num_chunks_returned_to_freelist: 11.
num_chunks_taken_from_freelist: 2441.
num_chunk_merges: 11.
num_chunk_splits: 1735.
num_chunks_enlarged: 1374.
num_purges: 0.
num_inconsistent_stats: 0.

CodeHeap 'non-profiled nmethods': size=120000Kb used=2979Kb max_used=2979Kb free=117020Kb
 bounds [0x000002ce69bc0000, 0x000002ce69ed0000, 0x000002ce710f0000]
CodeHeap 'profiled nmethods': size=120000Kb used=8949Kb max_used=9542Kb free=111050Kb
 bounds [0x000002ce62690000, 0x000002ce62ff0000, 0x000002ce69bc0000]
CodeHeap 'non-nmethods': size=5760Kb used=1280Kb max_used=1357Kb free=4479Kb
 bounds [0x000002ce620f0000, 0x000002ce62360000, 0x000002ce62690000]
 total_blobs=5153 nmethods=4551 adapters=514
 compilation: enabled
              stopped_count=0, restarted_count=0
 full_count=0

Compilation events (20 events):
Event: 126.009 Thread 0x000002ce79c02960 5288       3       org.springframework.asm.Label::addForwardReference (102 bytes)
Event: 126.009 Thread 0x000002ce791bc340 5295       4       java.lang.reflect.Method::invoke (65 bytes)
Event: 126.009 Thread 0x000002ce79c02960 nmethod 5288 0x000002ce62cd0490 code [0x000002ce62cd0660, 0x000002ce62cd0b68]
Event: 126.009 Thread 0x000002ce79c02960 5286       3       org.springframework.cglib.core.Signature::hashCode (16 bytes)
Event: 126.010 Thread 0x000002ce79c02960 nmethod 5286 0x000002ce6269ff10 code [0x000002ce626a00c0, 0x000002ce626a0258]
Event: 126.010 Thread 0x000002ce79c02960 5287       3       org.springframework.cglib.core.MethodInfo::hashCode (8 bytes)
Event: 126.010 Thread 0x000002ce79c02960 nmethod 5287 0x000002ce62ccfe90 code [0x000002ce62cd0060, 0x000002ce62cd0328]
Event: 126.010 Thread 0x000002ce79c02960 5293       3       org.springframework.asm.Type::getOpcode (284 bytes)
Event: 126.011 Thread 0x000002ce79c02960 nmethod 5293 0x000002ce62ccec90 code [0x000002ce62ccef20, 0x000002ce62ccfbf8]
Event: 126.011 Thread 0x000002ce79c02960 5294       3       org.springframework.asm.MethodWriter::visitFrameStart (55 bytes)
Event: 126.011 Thread 0x000002ce79c02960 nmethod 5294 0x000002ce62cce690 code [0x000002ce62cce840, 0x000002ce62cceb58]
Event: 126.011 Thread 0x000002ce79c02960 5291       3       org.springframework.asm.MethodWriter::endCurrentBasicBlockWithNoSuccessor (94 bytes)
Event: 126.011 Thread 0x000002ce79c02960 nmethod 5291 0x000002ce6282d310 code [0x000002ce6282d500, 0x000002ce6282db68]
Event: 126.011 Thread 0x000002ce79c02960 5285       3       org.springframework.asm.Frame::push (59 bytes)
Event: 126.012 Thread 0x000002ce79c02960 nmethod 5285 0x000002ce6282c610 code [0x000002ce6282c840, 0x000002ce6282cff8]
Event: 126.012 Thread 0x000002ce79c02960 5292       1       org.springframework.cglib.core.ReflectUtils$7::getType (5 bytes)
Event: 126.012 Thread 0x000002ce79c02960 nmethod 5292 0x000002ce69c88e90 code [0x000002ce69c89020, 0x000002ce69c890f8]
Event: 126.012 Thread 0x000002ce79c02960 5290       3       org.springframework.asm.MethodWriter::visitJumpInsn (495 bytes)
Event: 126.013 Thread 0x000002ce79c02960 nmethod 5290 0x000002ce6282ac10 code [0x000002ce6282af40, 0x000002ce6282bfa8]
Event: 126.018 Thread 0x000002ce791bc340 nmethod 5295 0x000002ce69c98710 code [0x000002ce69c98900, 0x000002ce69c99260]

GC Heap History (20 events):
Event: 3.125 GC heap before
{Heap before GC invocations=8 (full 0):
 garbage-first heap   total 37888K, used 28765K [0x0000000081600000, 0x0000000100000000)
  region size 1024K, 19 young (19456K), 1 survivors (1024K)
 Metaspace       used 26397K, committed 26688K, reserved 1073152K
  class space    used 2938K, committed 3072K, reserved 1048576K
}
Event: 3.138 GC heap after
{Heap after GC invocations=9 (full 0):
 garbage-first heap   total 113664K, used 11557K [0x0000000081600000, 0x0000000100000000)
  region size 1024K, 2 young (2048K), 2 survivors (2048K)
 Metaspace       used 26397K, committed 26688K, reserved 1073152K
  class space    used 2938K, committed 3072K, reserved 1048576K
}
Event: 5.120 GC heap before
{Heap before GC invocations=9 (full 0):
 garbage-first heap   total 113664K, used 76069K [0x0000000081600000, 0x0000000100000000)
  region size 1024K, 66 young (67584K), 2 survivors (2048K)
 Metaspace       used 34425K, committed 34752K, reserved 1081344K
  class space    used 4036K, committed 4160K, reserved 1048576K
}
Event: 5.142 GC heap after
{Heap after GC invocations=10 (full 0):
 garbage-first heap   total 113664K, used 15654K [0x0000000081600000, 0x0000000100000000)
  region size 1024K, 6 young (6144K), 6 survivors (6144K)
 Metaspace       used 34425K, committed 34752K, reserved 1081344K
  class space    used 4036K, committed 4160K, reserved 1048576K
}
Event: 5.354 GC heap before
{Heap before GC invocations=10 (full 0):
 garbage-first heap   total 113664K, used 76070K [0x0000000081600000, 0x0000000100000000)
  region size 1024K, 66 young (67584K), 6 survivors (6144K)
 Metaspace       used 35296K, committed 35584K, reserved 1081344K
  class space    used 4114K, committed 4224K, reserved 1048576K
}
Event: 5.361 GC heap after
{Heap after GC invocations=11 (full 0):
 garbage-first heap   total 113664K, used 16338K [0x0000000081600000, 0x0000000100000000)
  region size 1024K, 5 young (5120K), 5 survivors (5120K)
 Metaspace       used 35296K, committed 35584K, reserved 1081344K
  class space    used 4114K, committed 4224K, reserved 1048576K
}
Event: 5.551 GC heap before
{Heap before GC invocations=11 (full 0):
 garbage-first heap   total 113664K, used 22482K [0x0000000081600000, 0x0000000100000000)
  region size 1024K, 12 young (12288K), 5 survivors (5120K)
 Metaspace       used 36037K, committed 36288K, reserved 1081344K
  class space    used 4217K, committed 4352K, reserved 1048576K
}
Event: 5.558 GC heap after
{Heap after GC invocations=12 (full 0):
 garbage-first heap   total 113664K, used 16599K [0x0000000081600000, 0x0000000100000000)
  region size 1024K, 5 young (5120K), 5 survivors (5120K)
 Metaspace       used 36037K, committed 36288K, reserved 1081344K
  class space    used 4217K, committed 4352K, reserved 1048576K
}
Event: 6.406 GC heap before
{Heap before GC invocations=13 (full 0):
 garbage-first heap   total 61440K, used 47319K [0x0000000081600000, 0x0000000100000000)
  region size 1024K, 36 young (36864K), 5 survivors (5120K)
 Metaspace       used 44101K, committed 44416K, reserved 1089536K
  class space    used 5405K, committed 5568K, reserved 1048576K
}
Event: 6.411 GC heap after
{Heap after GC invocations=14 (full 0):
 garbage-first heap   total 61440K, used 18672K [0x0000000081600000, 0x0000000100000000)
  region size 1024K, 4 young (4096K), 4 survivors (4096K)
 Metaspace       used 44101K, committed 44416K, reserved 1089536K
  class space    used 5405K, committed 5568K, reserved 1048576K
}
Event: 7.472 GC heap before
{Heap before GC invocations=14 (full 0):
 garbage-first heap   total 61440K, used 47344K [0x0000000081600000, 0x0000000100000000)
  region size 1024K, 33 young (33792K), 4 survivors (4096K)
 Metaspace       used 51873K, committed 52224K, reserved 1097728K
  class space    used 6619K, committed 6784K, reserved 1048576K
}
Event: 7.479 GC heap after
{Heap after GC invocations=15 (full 0):
 garbage-first heap   total 61440K, used 20863K [0x0000000081600000, 0x0000000100000000)
  region size 1024K, 5 young (5120K), 5 survivors (5120K)
 Metaspace       used 51873K, committed 52224K, reserved 1097728K
  class space    used 6619K, committed 6784K, reserved 1048576K
}
Event: 8.266 GC heap before
{Heap before GC invocations=15 (full 0):
 garbage-first heap   total 61440K, used 48511K [0x0000000081600000, 0x0000000100000000)
  region size 1024K, 32 young (32768K), 5 survivors (5120K)
 Metaspace       used 56927K, committed 57216K, reserved 1105920K
  class space    used 7299K, committed 7424K, reserved 1048576K
}
Event: 8.285 GC heap after
{Heap after GC invocations=16 (full 0):
 garbage-first heap   total 61440K, used 22800K [0x0000000081600000, 0x0000000100000000)
  region size 1024K, 3 young (3072K), 3 survivors (3072K)
 Metaspace       used 56927K, committed 57216K, reserved 1105920K
  class space    used 7299K, committed 7424K, reserved 1048576K
}
Event: 8.943 GC heap before
{Heap before GC invocations=16 (full 0):
 garbage-first heap   total 61440K, used 47376K [0x0000000081600000, 0x0000000100000000)
  region size 1024K, 28 young (28672K), 3 survivors (3072K)
 Metaspace       used 59829K, committed 60160K, reserved 1105920K
  class space    used 7713K, committed 7872K, reserved 1048576K
}
Event: 8.960 GC heap after
{Heap after GC invocations=17 (full 0):
 garbage-first heap   total 73728K, used 24318K [0x0000000081600000, 0x0000000100000000)
  region size 1024K, 4 young (4096K), 4 survivors (4096K)
 Metaspace       used 59829K, committed 60160K, reserved 1105920K
  class space    used 7713K, committed 7872K, reserved 1048576K
}
Event: 9.119 GC heap before
{Heap before GC invocations=17 (full 0):
 garbage-first heap   total 73728K, used 29438K [0x0000000081600000, 0x0000000100000000)
  region size 1024K, 10 young (10240K), 4 survivors (4096K)
 Metaspace       used 60539K, committed 60928K, reserved 1105920K
  class space    used 7807K, committed 8000K, reserved 1048576K
}
Event: 9.138 GC heap after
{Heap after GC invocations=18 (full 0):
 garbage-first heap   total 73728K, used 25220K [0x0000000081600000, 0x0000000100000000)
  region size 1024K, 3 young (3072K), 3 survivors (3072K)
 Metaspace       used 60539K, committed 60928K, reserved 1105920K
  class space    used 7807K, committed 8000K, reserved 1048576K
}
Event: 119.285 GC heap before
{Heap before GC invocations=19 (full 0):
 garbage-first heap   total 73728K, used 56964K [0x0000000081600000, 0x0000000100000000)
  region size 1024K, 34 young (34816K), 3 survivors (3072K)
 Metaspace       used 64063K, committed 64448K, reserved 1105920K
  class space    used 8271K, committed 8448K, reserved 1048576K
}
Event: 119.311 GC heap after
{Heap after GC invocations=20 (full 0):
 garbage-first heap   total 73728K, used 27088K [0x0000000081600000, 0x0000000100000000)
  region size 1024K, 5 young (5120K), 5 survivors (5120K)
 Metaspace       used 64063K, committed 64448K, reserved 1105920K
  class space    used 8271K, committed 8448K, reserved 1048576K
}

Deoptimization events (20 events):
Event: 9.904 Thread 0x000002ce7b503570 DEOPT PACKING pc=0x000002ce629c0359 sp=0x000000deccdfe4d0
Event: 9.904 Thread 0x000002ce7b503570 DEOPT UNPACKING pc=0x000002ce62142b43 sp=0x000000deccdfd9b0 mode 0
Event: 9.905 Thread 0x000002ce7b503570 DEOPT PACKING pc=0x000002ce629c0359 sp=0x000000deccdfe4d0
Event: 9.905 Thread 0x000002ce7b503570 DEOPT UNPACKING pc=0x000002ce62142b43 sp=0x000000deccdfd9b0 mode 0
Event: 9.905 Thread 0x000002ce7b503570 DEOPT PACKING pc=0x000002ce629c0359 sp=0x000000deccdfe4d0
Event: 9.905 Thread 0x000002ce7b503570 DEOPT UNPACKING pc=0x000002ce62142b43 sp=0x000000deccdfd9b0 mode 0
Event: 9.906 Thread 0x000002ce7b503570 DEOPT PACKING pc=0x000002ce629c0359 sp=0x000000deccdfe4d0
Event: 9.906 Thread 0x000002ce7b503570 DEOPT UNPACKING pc=0x000002ce62142b43 sp=0x000000deccdfd9b0 mode 0
Event: 9.906 Thread 0x000002ce7b503570 DEOPT PACKING pc=0x000002ce629c0359 sp=0x000000deccdfe4d0
Event: 9.906 Thread 0x000002ce7b503570 DEOPT UNPACKING pc=0x000002ce62142b43 sp=0x000000deccdfd9b0 mode 0
Event: 9.907 Thread 0x000002ce7b503570 DEOPT PACKING pc=0x000002ce629c0359 sp=0x000000deccdfe4d0
Event: 9.907 Thread 0x000002ce7b503570 DEOPT UNPACKING pc=0x000002ce62142b43 sp=0x000000deccdfd9b0 mode 0
Event: 119.152 Thread 0x000002ce7a135880 Uncommon trap: trap_request=0xffffff45 fr.pc=0x000002ce69c8e658 relative=0x0000000000003b58
Event: 119.152 Thread 0x000002ce7a135880 Uncommon trap: reason=unstable_if action=reinterpret pc=0x000002ce69c8e658 method=org.springframework.beans.factory.support.AbstractBeanFactory.isTypeMatch(Ljava/lang/String;Lorg/springframework/core/ResolvableType;Z)Z @ 34 c2
Event: 119.152 Thread 0x000002ce7a135880 DEOPT PACKING pc=0x000002ce69c8e658 sp=0x000000decb1fe400
Event: 119.152 Thread 0x000002ce7a135880 DEOPT UNPACKING pc=0x000002ce621423a3 sp=0x000000decb1fe3d0 mode 2
Event: 119.266 Thread 0x000002ce7a135880 DEOPT PACKING pc=0x000002ce62dd7bba sp=0x000000decb1fb710
Event: 119.266 Thread 0x000002ce7a135880 DEOPT UNPACKING pc=0x000002ce62142b43 sp=0x000000decb1fab88 mode 0
Event: 119.266 Thread 0x000002ce7a135880 DEOPT PACKING pc=0x000002ce62dd7bba sp=0x000000decb1fb710
Event: 119.266 Thread 0x000002ce7a135880 DEOPT UNPACKING pc=0x000002ce62142b43 sp=0x000000decb1fab88 mode 0

Classes unloaded (0 events):
No events

Classes redefined (0 events):
No events

Internal exceptions (20 events):
Event: 8.622 Thread 0x000002ce7b503570 Exception <a 'java/lang/ClassNotFoundException'{0x000000008429e6f8}: org/springframework/beans/factory/AwareCustomizer> (0x000000008429e6f8) 
thrown [e:\jenkins\tmp\workspace\build\src\src\hotspot\share\classfile\systemDictionary.cpp, line 256]
Event: 8.622 Thread 0x000002ce7b503570 Exception <a 'java/lang/ClassNotFoundException'{0x00000000842a2970}: org/springframework/beans/factory/BeanClassLoaderAwareCustomizer> (0x00000000842a2970) 
thrown [e:\jenkins\tmp\workspace\build\src\src\hotspot\share\classfile\systemDictionary.cpp, line 256]
Event: 8.623 Thread 0x000002ce7b503570 Exception <a 'java/lang/ClassNotFoundException'{0x00000000842a7758}: org/springframework/beans/factory/AwareCustomizer> (0x00000000842a7758) 
thrown [e:\jenkins\tmp\workspace\build\src\src\hotspot\share\classfile\systemDictionary.cpp, line 256]
Event: 8.736 Thread 0x000002ce7b503570 Implicit null exception at 0x000002ce69ca4a46 to 0x000002ce69ca4afe
Event: 8.899 Thread 0x000002ce7b503570 Exception <a 'java/lang/ClassNotFoundException'{0x0000000083a99458}: java/lang/ObjectCustomizer> (0x0000000083a99458) 
thrown [e:\jenkins\tmp\workspace\build\src\src\hotspot\share\classfile\systemDictionary.cpp, line 256]
Event: 8.900 Thread 0x000002ce7b503570 Exception <a 'java/lang/ClassNotFoundException'{0x0000000083aa1410}: org/springframework/security/config/annotation/web/configuration/HttpSecurityConfigurationCustomizer> (0x0000000083aa1410) 
thrown [e:\jenkins\tmp\workspace\build\src\src\hotspot\share\classfile\systemDictionary.cpp, line 256]
Event: 9.093 Thread 0x000002ce7b503570 Exception <a 'java/lang/NoSuchMethodError'{0x0000000087ab45e0}: 'void java.lang.invoke.DirectMethodHandle$Holder.invokeVirtual(java.lang.Object, java.lang.Object, int)'> (0x0000000087ab45e0) 
thrown [e:\jenkins\tmp\workspace\build\src\src\hotspot\share\interpreter\linkResolver.cpp, line 766]
Event: 9.096 Thread 0x000002ce7b503570 Exception <a 'java/lang/NoSuchMethodError'{0x0000000087acef90}: 'void java.lang.invoke.DirectMethodHandle$Holder.invokeVirtual(java.lang.Object, java.lang.Object, long)'> (0x0000000087acef90) 
thrown [e:\jenkins\tmp\workspace\build\src\src\hotspot\share\interpreter\linkResolver.cpp, line 766]
Event: 9.292 Thread 0x000002ce7b503570 Exception <a 'java/lang/IncompatibleClassChangeError'{0x0000000087bf1460}: Found class java.lang.Object, but interface was expected> (0x0000000087bf1460) 
thrown [e:\jenkins\tmp\workspace\build\src\src\hotspot\share\interpreter\linkResolver.cpp, line 833]
Event: 9.347 Thread 0x000002ce7b503570 Exception <a 'java/lang/NoSuchMethodError'{0x000000008795e570}: 'int java.lang.invoke.DirectMethodHandle$Holder.invokeStaticInit(java.lang.Object, java.lang.Object, java.lang.Object, java.lang.Object)'> (0x000000008795e570) 
thrown [e:\jenkins\tmp\workspace\build\src\src\hotspot\share\interpreter\linkResolver.cpp, line 766]
Event: 9.430 Thread 0x000002ce7b503570 Implicit null exception at 0x000002ce69ce54c0 to 0x000002ce69ce56d8
Event: 9.448 Thread 0x000002ce7b503570 Exception <a 'java/lang/ClassNotFoundException'{0x0000000085235c80}: java/lang/ObjectCustomizer> (0x0000000085235c80) 
thrown [e:\jenkins\tmp\workspace\build\src\src\hotspot\share\classfile\systemDictionary.cpp, line 256]
Event: 9.449 Thread 0x000002ce7b503570 Exception <a 'java/lang/ClassNotFoundException'{0x000000008523dd90}: ifrn/pi/sispedidossmec/models/UsuarioCustomizer> (0x000000008523dd90) 
thrown [e:\jenkins\tmp\workspace\build\src\src\hotspot\share\classfile\systemDictionary.cpp, line 256]
Event: 9.453 Thread 0x000002ce7b503570 Exception <a 'java/lang/ClassNotFoundException'{0x0000000085255210}: org/springframework/security/core/userdetails/UserDetailsCustomizer> (0x0000000085255210) 
thrown [e:\jenkins\tmp\workspace\build\src\src\hotspot\share\classfile\systemDictionary.cpp, line 256]
Event: 9.484 Thread 0x000002ce7b503570 Exception <a 'java/lang/reflect/InvocationTargetException'{0x0000000084ed5c78}> (0x0000000084ed5c78) 
thrown [e:\jenkins\tmp\workspace\build\src\src\hotspot\share\runtime\reflection.cpp, line 1121]
Event: 9.604 Thread 0x000002ce7b503570 Exception <a 'java/lang/NoSuchMethodError'{0x0000000084970f00}: 'java.lang.Object java.lang.invoke.DirectMethodHandle$Holder.invokeSpecial(java.lang.Object, java.lang.Object, int, java.lang.Object, int, java.lang.Object)'> (0x0000000084970f00) 
thrown [e:\jenkins\tmp\workspace\build\src\src\hotspot\share\interpreter\linkResolver.cpp, line 766]
Event: 9.606 Thread 0x000002ce7b503570 Exception <a 'java/lang/NoSuchMethodError'{0x0000000084978fa8}: 'java.lang.Object java.lang.invoke.DirectMethodHandle$Holder.newInvokeSpecial(java.lang.Object, java.lang.Object, int, java.lang.Object, int)'> (0x0000000084978fa8) 
thrown [e:\jenkins\tmp\workspace\build\src\src\hotspot\share\interpreter\linkResolver.cpp, line 766]
Event: 9.606 Thread 0x000002ce7b503570 Exception <a 'java/lang/NoSuchMethodError'{0x000000008497d0a8}: 'java.lang.Object java.lang.invoke.DirectMethodHandle$Holder.invokeSpecial(java.lang.Object, java.lang.Object, java.lang.Object, int, java.lang.Object, int)'> (0x000000008497d0a8) 
thrown [e:\jenkins\tmp\workspace\build\src\src\hotspot\share\interpreter\linkResolver.cpp, line 766]
Event: 9.609 Thread 0x000002ce7b503570 Exception <a 'java/lang/NoSuchMethodError'{0x0000000084987330}: 'void java.lang.invoke.DirectMethodHandle$Holder.invokeVirtual(java.lang.Object, java.lang.Object)'> (0x0000000084987330) 
thrown [e:\jenkins\tmp\workspace\build\src\src\hotspot\share\interpreter\linkResolver.cpp, line 766]
Event: 126.010 Thread 0x000002ce7a1353b0 Exception <a 'java/lang/NullPointerException'{0x0000000087a37890}> (0x0000000087a37890) 
thrown [e:\jenkins\tmp\workspace\build\src\src\hotspot\share\interpreter\linkResolver.cpp, line 1440]

VM Operations (20 events):
Event: 67.286 Executing VM operation: Cleanup done
Event: 74.354 Executing VM operation: Cleanup
Event: 74.354 Executing VM operation: Cleanup done
Event: 75.363 Executing VM operation: Cleanup
Event: 75.363 Executing VM operation: Cleanup done
Event: 81.427 Executing VM operation: Cleanup
Event: 81.427 Executing VM operation: Cleanup done
Event: 107.565 Executing VM operation: Cleanup
Event: 107.565 Executing VM operation: Cleanup done
Event: 119.138 Executing VM operation: HandshakeAllThreads
Event: 119.138 Executing VM operation: HandshakeAllThreads done
Event: 119.138 Executing VM operation: Cleanup
Event: 119.138 Executing VM operation: Cleanup done
Event: 119.165 Executing VM operation: HandshakeAllThreads
Event: 119.165 Executing VM operation: HandshakeAllThreads done
Event: 119.285 Executing VM operation: G1CollectForAllocation
Event: 119.311 Executing VM operation: G1CollectForAllocation done
Event: 120.317 Executing VM operation: Cleanup
Event: 120.317 Executing VM operation: Cleanup done
Event: 126.379 Executing VM operation: Cleanup

Events (20 events):
Event: 119.128 loading class sun/nio/cs/ThreadLocalCoders$2
Event: 119.128 loading class sun/nio/cs/ThreadLocalCoders$2 done
Event: 119.152 Thread 0x000002ce79e4e330 Thread added: 0x000002ce79e4e330
Event: 119.159 Thread 0x000002ce7a64ad60 Thread added: 0x000002ce7a64ad60
Event: 119.263 loading class java/io/WriteAbortedException
Event: 119.263 loading class java/io/WriteAbortedException done
Event: 119.264 loading class sun/security/provider/SecureRandom
Event: 119.264 loading class sun/security/provider/SecureRandom done
Event: 119.265 loading class sun/security/provider/SecureRandom$SeederHolder
Event: 119.265 loading class sun/security/provider/SecureRandom$SeederHolder done
Event: 119.330 loading class sun/nio/cs/ISO_8859_1$Encoder
Event: 119.330 loading class sun/nio/cs/ISO_8859_1$Encoder done
Event: 119.330 loading class sun/nio/cs/Surrogate$Parser
Event: 119.330 loading class sun/nio/cs/Surrogate$Parser done
Event: 119.330 loading class sun/nio/cs/Surrogate
Event: 119.330 loading class sun/nio/cs/Surrogate done
Event: 119.334 Thread 0x000002ce7a1366f0 Thread added: 0x000002ce7a1366f0
Event: 124.356 Thread 0x000002ce7a64ad60 Thread exited: 0x000002ce7a64ad60
Event: 125.398 Thread 0x000002ce79e4e330 Thread exited: 0x000002ce79e4e330
Event: 125.924 Thread 0x000002ce7a1353b0 Thread added: 0x000002ce7a1353b0


Dynamic libraries:
0x00007ff6018a0000 - 0x00007ff6018ae000 	D:\eclipse\plugins\org.eclipse.justj.openjdk.hotspot.jre.full.win32.x86_64_17.0.1.v20211116-1657\jre\bin\javaw.exe
0x00007ffef11d0000 - 0x00007ffef13c5000 	C:\WINDOWS\SYSTEM32\ntdll.dll
0x00007ffeef9e0000 - 0x00007ffeefa9e000 	C:\WINDOWS\System32\KERNEL32.DLL
0x00007ffeeee60000 - 0x00007ffeef128000 	C:\WINDOWS\System32\KERNELBASE.dll
0x00007ffeee980000 - 0x00007ffeeea80000 	C:\WINDOWS\System32\ucrtbase.dll
0x00007ffee2f70000 - 0x00007ffee2f89000 	D:\eclipse\plugins\org.eclipse.justj.openjdk.hotspot.jre.full.win32.x86_64_17.0.1.v20211116-1657\jre\bin\VCRUNTIME140.dll
0x00007ffee2f90000 - 0x00007ffee2fa8000 	D:\eclipse\plugins\org.eclipse.justj.openjdk.hotspot.jre.full.win32.x86_64_17.0.1.v20211116-1657\jre\bin\jli.dll
0x00007ffeefd80000 - 0x00007ffeeff21000 	C:\WINDOWS\System32\USER32.dll
0x00007ffed61c0000 - 0x00007ffed645a000 	C:\WINDOWS\WinSxS\amd64_microsoft.windows.common-controls_6595b64144ccf1df_6.0.19041.1110_none_60b5254171f9507e\COMCTL32.dll
0x00007ffeeea80000 - 0x00007ffeeeaa2000 	C:\WINDOWS\System32\win32u.dll
0x00007ffef09a0000 - 0x00007ffef0a3e000 	C:\WINDOWS\System32\msvcrt.dll
0x00007ffef0730000 - 0x00007ffef075b000 	C:\WINDOWS\System32\GDI32.dll
0x00007ffeeeb90000 - 0x00007ffeeec9d000 	C:\WINDOWS\System32\gdi32full.dll
0x00007ffeee8e0000 - 0x00007ffeee97d000 	C:\WINDOWS\System32\msvcp_win.dll
0x00007ffeef790000 - 0x00007ffeef7c0000 	C:\WINDOWS\System32\IMM32.DLL
0x00007ffee72f0000 - 0x00007ffee72fc000 	D:\eclipse\plugins\org.eclipse.justj.openjdk.hotspot.jre.full.win32.x86_64_17.0.1.v20211116-1657\jre\bin\vcruntime140_1.dll
0x00007ffedea80000 - 0x00007ffedeb11000 	D:\eclipse\plugins\org.eclipse.justj.openjdk.hotspot.jre.full.win32.x86_64_17.0.1.v20211116-1657\jre\bin\msvcp140.dll
0x00007ffea4b80000 - 0x00007ffea57c6000 	D:\eclipse\plugins\org.eclipse.justj.openjdk.hotspot.jre.full.win32.x86_64_17.0.1.v20211116-1657\jre\bin\server\jvm.dll
0x00007ffeefc20000 - 0x00007ffeefccc000 	C:\WINDOWS\System32\ADVAPI32.dll
0x00007ffeefaa0000 - 0x00007ffeefb3b000 	C:\WINDOWS\System32\sechost.dll
0x00007ffef0ff0000 - 0x00007ffef111a000 	C:\WINDOWS\System32\RPCRT4.dll
0x00007ffef0990000 - 0x00007ffef0998000 	C:\WINDOWS\System32\PSAPI.DLL
0x00007ffedb210000 - 0x00007ffedb237000 	C:\WINDOWS\SYSTEM32\WINMM.dll
0x00007ffed8a70000 - 0x00007ffed8a79000 	C:\WINDOWS\SYSTEM32\WSOCK32.dll
0x00007ffef1120000 - 0x00007ffef118b000 	C:\WINDOWS\System32\WS2_32.dll
0x00007ffee8d70000 - 0x00007ffee8d7a000 	C:\WINDOWS\SYSTEM32\VERSION.dll
0x00007ffeec6f0000 - 0x00007ffeec702000 	C:\WINDOWS\SYSTEM32\kernel.appcore.dll
0x00007ffeec230000 - 0x00007ffeec23a000 	D:\eclipse\plugins\org.eclipse.justj.openjdk.hotspot.jre.full.win32.x86_64_17.0.1.v20211116-1657\jre\bin\jimage.dll
0x00007ffedaf90000 - 0x00007ffedb174000 	C:\WINDOWS\SYSTEM32\DBGHELP.DLL
0x00007ffedac40000 - 0x00007ffedac6c000 	C:\WINDOWS\SYSTEM32\dbgcore.DLL
0x00007ffeef180000 - 0x00007ffeef202000 	C:\WINDOWS\System32\bcryptPrimitives.dll
0x00007ffedc6a0000 - 0x00007ffedc6c5000 	D:\eclipse\plugins\org.eclipse.justj.openjdk.hotspot.jre.full.win32.x86_64_17.0.1.v20211116-1657\jre\bin\java.dll
0x00007ffee98e0000 - 0x00007ffee98f8000 	D:\eclipse\plugins\org.eclipse.justj.openjdk.hotspot.jre.full.win32.x86_64_17.0.1.v20211116-1657\jre\bin\zip.dll
0x00007ffeeff30000 - 0x00007ffef0674000 	C:\WINDOWS\System32\SHELL32.dll
0x00007ffeec9d0000 - 0x00007ffeed164000 	C:\WINDOWS\SYSTEM32\windows.storage.dll
0x00007ffeef430000 - 0x00007ffeef785000 	C:\WINDOWS\System32\combase.dll
0x00007ffeee260000 - 0x00007ffeee28e000 	C:\WINDOWS\SYSTEM32\Wldp.dll
0x00007ffeefcd0000 - 0x00007ffeefd7d000 	C:\WINDOWS\System32\SHCORE.dll
0x00007ffeef980000 - 0x00007ffeef9d5000 	C:\WINDOWS\System32\shlwapi.dll
0x00007ffeee820000 - 0x00007ffeee83f000 	C:\WINDOWS\SYSTEM32\profapi.dll
0x00007ffee9230000 - 0x00007ffee9249000 	D:\eclipse\plugins\org.eclipse.justj.openjdk.hotspot.jre.full.win32.x86_64_17.0.1.v20211116-1657\jre\bin\net.dll
0x00007ffede480000 - 0x00007ffede58c000 	C:\WINDOWS\SYSTEM32\WINHTTP.dll
0x00007ffeedfc0000 - 0x00007ffeee02a000 	C:\WINDOWS\system32\mswsock.dll
0x00007ffee9200000 - 0x00007ffee9215000 	D:\eclipse\plugins\org.eclipse.justj.openjdk.hotspot.jre.full.win32.x86_64_17.0.1.v20211116-1657\jre\bin\nio.dll
0x00007ffee9920000 - 0x00007ffee9930000 	D:\eclipse\plugins\org.eclipse.justj.openjdk.hotspot.jre.full.win32.x86_64_17.0.1.v20211116-1657\jre\bin\verify.dll
0x00007ffeea3f0000 - 0x00007ffeea3f9000 	D:\eclipse\plugins\org.eclipse.justj.openjdk.hotspot.jre.full.win32.x86_64_17.0.1.v20211116-1657\jre\bin\management.dll
0x00007ffeea3e0000 - 0x00007ffeea3eb000 	D:\eclipse\plugins\org.eclipse.justj.openjdk.hotspot.jre.full.win32.x86_64_17.0.1.v20211116-1657\jre\bin\management_ext.dll
0x00007ffed6730000 - 0x00007ffed6747000 	C:\WINDOWS\system32\napinsp.dll
0x00007ffed6710000 - 0x00007ffed672b000 	C:\WINDOWS\system32\pnrpnsp.dll
0x00007ffed51a0000 - 0x00007ffed51b5000 	C:\WINDOWS\system32\wshbth.dll
0x00007ffeea290000 - 0x00007ffeea2ad000 	C:\WINDOWS\system32\NLAapi.dll
0x00007ffeedcb0000 - 0x00007ffeedceb000 	C:\WINDOWS\SYSTEM32\IPHLPAPI.DLL
0x00007ffeedcf0000 - 0x00007ffeeddbb000 	C:\WINDOWS\SYSTEM32\DNSAPI.dll
0x00007ffeef970000 - 0x00007ffeef978000 	C:\WINDOWS\System32\NSI.dll
0x00007ffed4f80000 - 0x00007ffed4f92000 	C:\WINDOWS\System32\winrnr.dll
0x00007ffee4690000 - 0x00007ffee469a000 	C:\Windows\System32\rasadhlp.dll
0x00007ffede7e0000 - 0x00007ffede85f000 	C:\WINDOWS\System32\fwpuclnt.dll
0x00007ffeeeab0000 - 0x00007ffeeead7000 	C:\WINDOWS\System32\bcrypt.dll
0x00007ffeee1c0000 - 0x00007ffeee1d8000 	C:\WINDOWS\SYSTEM32\CRYPTSP.dll
0x00007ffeed940000 - 0x00007ffeed974000 	C:\WINDOWS\system32\rsaenh.dll
0x00007ffeee7e0000 - 0x00007ffeee80e000 	C:\WINDOWS\SYSTEM32\USERENV.dll
0x00007ffeee1b0000 - 0x00007ffeee1bc000 	C:\WINDOWS\SYSTEM32\CRYPTBASE.dll
0x00007ffee6c20000 - 0x00007ffee6c37000 	C:\WINDOWS\SYSTEM32\dhcpcsvc6.DLL
0x00007ffee7b00000 - 0x00007ffee7b1d000 	C:\WINDOWS\SYSTEM32\dhcpcsvc.DLL
0x00007ffee8ff0000 - 0x00007ffee8ffe000 	D:\eclipse\plugins\org.eclipse.justj.openjdk.hotspot.jre.full.win32.x86_64_17.0.1.v20211116-1657\jre\bin\sunmscapi.dll
0x00007ffeeed00000 - 0x00007ffeeee56000 	C:\WINDOWS\System32\CRYPT32.dll
0x00007ffeee2d0000 - 0x00007ffeee2f7000 	C:\WINDOWS\SYSTEM32\ncrypt.dll
0x00007ffeee290000 - 0x00007ffeee2cb000 	C:\WINDOWS\SYSTEM32\NTASN1.dll
0x00007ffeea3d0000 - 0x00007ffeea3d7000 	C:\WINDOWS\system32\wshunix.dll

dbghelp: loaded successfully - version: 4.0.5 - missing functions: none
symbol engine: initialized successfully - sym options: 0x614 - pdb path: .;D:\eclipse\plugins\org.eclipse.justj.openjdk.hotspot.jre.full.win32.x86_64_17.0.1.v20211116-1657\jre\bin;C:\WINDOWS\SYSTEM32;C:\WINDOWS\WinSxS\amd64_microsoft.windows.common-controls_6595b64144ccf1df_6.0.19041.1110_none_60b5254171f9507e;D:\eclipse\plugins\org.eclipse.justj.openjdk.hotspot.jre.full.win32.x86_64_17.0.1.v20211116-1657\jre\bin\server

VM Arguments:
jvm_args: -Dfile.encoding=UTF-8 -XX:+ShowCodeDetailsInExceptionMessages 
java_command: ifrn.pi.sispedidossmec.SispedidossmecApplication
java_class_path (initial): D:\workspace-if\sispedidossmec\target\classes;C:\Users\João Vitor Cardoso\.m2\repository\org\springframework\boot\spring-boot-starter-thymeleaf\2.6.2\spring-boot-starter-thymeleaf-2.6.2.jar;C:\Users\João Vitor Cardoso\.m2\repository\org\springframework\boot\spring-boot-starter\2.6.2\spring-boot-starter-2.6.2.jar;C:\Users\João Vitor Cardoso\.m2\repository\org\springframework\boot\spring-boot-starter-logging\2.6.2\spring-boot-starter-logging-2.6.2.jar;C:\Users\João Vitor Cardoso\.m2\repository\ch\qos\logback\logback-classic\1.2.9\logback-classic-1.2.9.jar;C:\Users\João Vitor Cardoso\.m2\repository\ch\qos\logback\logback-core\1.2.9\logback-core-1.2.9.jar;C:\Users\João Vitor Cardoso\.m2\repository\org\apache\logging\log4j\log4j-to-slf4j\2.17.0\log4j-to-slf4j-2.17.0.jar;C:\Users\João Vitor Cardoso\.m2\repository\org\apache\logging\log4j\log4j-api\2.17.0\log4j-api-2.17.0.jar;C:\Users\João Vitor Cardoso\.m2\repository\org\slf4j\jul-to-slf4j\1.7.32\jul-to-slf4j-1.7.32.jar;C:\Users\João Vitor Cardoso\.m2\repository\jakarta\annotation\jakarta.annotation-api\1.3.5\jakarta.annotation-api-1.3.5.jar;C:\Users\João Vitor Cardoso\.m2\repository\org\yaml\snakeyaml\1.29\snakeyaml-1.29.jar;C:\Users\João Vitor Cardoso\.m2\repository\org\thymeleaf\thymeleaf-spring5\3.0.14.RELEASE\thymeleaf-spring5-3.0.14.RELEASE.jar;C:\Users\João Vitor Cardoso\.m2\repository\org\thymeleaf\thymeleaf\3.0.14.RELEASE\thymeleaf-3.0.14.RELEASE.jar;C:\Users\João Vitor Cardoso\.m2\repository\org\attoparser\attoparser\2.0.5.RELEASE\attoparser-2.0.5.RELEASE.jar;C:\Users\João Vitor Cardoso\.m2\repository\org\unbescape\unbescape\1.1.6.RELEASE\unbescape-1.1.6.RELEASE.jar;C:\Users\João Vitor Cardoso\.m2\repository\org\slf4j\slf4j-api\1.7.32\slf4j-api-1.7.32.jar;C:\Users\João Vitor Cardoso\.m2\repository\org\thymeleaf\extras\thymeleaf-extras-java8time\3.0.4.RELEASE\thymeleaf-extras-java8time-3.0.4.RELEASE.jar;C:\Users\João Vitor Cardoso\.m2\repository\org\springframework\boot\spring-boot-st
Launcher Type: SUN_STANDARD

[Global flags]
     intx CICompilerCount                          = 4                                         {product} {ergonomic}
     uint ConcGCThreads                            = 2                                         {product} {ergonomic}
     uint G1ConcRefinementThreads                  = 8                                         {product} {ergonomic}
   size_t G1HeapRegionSize                         = 1048576                                   {product} {ergonomic}
    uintx GCDrainStackTargetSize                   = 64                                        {product} {ergonomic}
   size_t InitialHeapSize                          = 134217728                                 {product} {ergonomic}
   size_t MarkStackSize                            = 4194304                                   {product} {ergonomic}
   size_t MaxHeapSize                              = 2124414976                                {product} {ergonomic}
   size_t MaxNewSize                               = 1274019840                                {product} {ergonomic}
   size_t MinHeapDeltaBytes                        = 1048576                                   {product} {ergonomic}
   size_t MinHeapSize                              = 8388608                                   {product} {ergonomic}
    uintx NonNMethodCodeHeapSize                   = 5839372                                {pd product} {ergonomic}
    uintx NonProfiledCodeHeapSize                  = 122909434                              {pd product} {ergonomic}
    uintx ProfiledCodeHeapSize                     = 122909434                              {pd product} {ergonomic}
    uintx ReservedCodeCacheSize                    = 251658240                              {pd product} {ergonomic}
     bool SegmentedCodeCache                       = true                                      {product} {ergonomic}
     bool ShowCodeDetailsInExceptionMessages       = true                                   {manageable} {command line}
   size_t SoftMaxHeapSize                          = 2124414976                             {manageable} {ergonomic}
     bool UseCompressedClassPointers               = true                           {product lp64_product} {ergonomic}
     bool UseCompressedOops                        = true                           {product lp64_product} {ergonomic}
     bool UseG1GC                                  = true                                      {product} {ergonomic}
     bool UseLargePagesIndividualAllocation        = false                                  {pd product} {ergonomic}

Logging:
Log output configuration:
 #0: stdout all=warning uptime,level,tags
 #1: stderr all=off uptime,level,tags

Environment Variables:
PATH=D:/eclipse//plugins/org.eclipse.justj.openjdk.hotspot.jre.full.win32.x86_64_17.0.1.v20211116-1657/jre/bin/server;D:/eclipse//plugins/org.eclipse.justj.openjdk.hotspot.jre.full.win32.x86_64_17.0.1.v20211116-1657/jre/bin;C:\ProgramData\Oracle\Java\javapath;C:\WINDOWS\system32;C:\WINDOWS;C:\WINDOWS\System32\Wbem;C:\WINDOWS\System32\WindowsPowerShell\v1.0\;C:\WINDOWS\System32\OpenSSH\;C:\Program Files\Git\cmd;C:\Program Files\nodejs\;C:\Users\João Vitor Cardoso\AppData\Local\Microsoft\WindowsApps;;C:\Users\João Vitor Cardoso\AppData\Local\Programs\Microsoft VS Code\bin;C:\Users\João Vitor Cardoso\AppData\Roaming\npm;D:\eclipse;
USERNAME=João Vitor Cardoso
OS=Windows_NT
PROCESSOR_IDENTIFIER=Intel64 Family 6 Model 142 Stepping 10, GenuineIntel



---------------  S Y S T E M  ---------------

OS:
 Windows 10 , 64 bit Build 19041 (10.0.19041.1348)
OS uptime: 0 days 17:43 hours

CPU: total 8 (initial active 8) (4 cores per cpu, 2 threads per core) family 6 model 142 stepping 10 microcode 0xd6, cx8, cmov, fxsr, ht, mmx, 3dnowpref, sse, sse2, sse3, ssse3, sse4.1, sse4.2, popcnt, lzcnt, tsc, tscinvbit, avx, avx2, aes, erms, clmul, bmi1, bmi2, adx, fma, vzeroupper, clflush, clflushopt

Memory: 4k page, system-wide physical 8101M (2374M free)
TotalPageFile size 9381M (AvailPageFile size 2261M)
current process WorkingSet (physical memory assigned to process): 212M, peak: 275M
current process commit charge ("private bytes"): 249M, peak: 309M

vm_info: OpenJDK 64-Bit Server VM (17.0.1+12) for windows-amd64 JRE (17.0.1+12), built on Oct 20 2021 07:42:55 by "" with MS VC++ 16.7 (VS2019)

END.
